\BOOKMARK [1][-]{section.1}{Introduction}{}% 1
\BOOKMARK [1][-]{section.2}{Background}{}% 2
\BOOKMARK [2][-]{subsection.2.1}{Sentiment Analysis}{section.2}% 3
\BOOKMARK [2][-]{subsection.2.2}{Community Detection}{section.2}% 4
\BOOKMARK [2][-]{subsection.2.3}{EXTENSION: Page Rank and its application to network analysis}{section.2}% 5
\BOOKMARK [1][-]{section.3}{Dataset}{}% 6
\BOOKMARK [2][-]{subsection.3.1}{Basic Network Statistics}{section.3}% 7
\BOOKMARK [1][-]{section.4}{Approach}{}% 8
\BOOKMARK [2][-]{subsection.4.1}{Louvain Community Detection}{section.4}% 9
\BOOKMARK [2][-]{subsection.4.2}{Sentiment Analysis: Na\357ve Bayes Classifier}{section.4}% 10
\BOOKMARK [2][-]{subsection.4.3}{EXTENSION}{section.4}% 11
\BOOKMARK [3][-]{subsubsection.4.3.1}{Task 1: Path Length and Clustering Coefficients}{subsection.4.3}% 12
\BOOKMARK [3][-]{subsubsection.4.3.2}{Task 2: Which is more robust?}{subsection.4.3}% 13
\BOOKMARK [3][-]{subsubsection.4.3.3}{Task 3: PageRank}{subsection.4.3}% 14
\BOOKMARK [3][-]{subsubsection.4.3.4}{Task 4: Cascade}{subsection.4.3}% 15
\BOOKMARK [1][-]{section.5}{Results}{}% 16
\BOOKMARK [2][-]{subsection.5.1}{Community Detection}{section.5}% 17
\BOOKMARK [2][-]{subsection.5.2}{Sentiment Analysis}{section.5}% 18
\BOOKMARK [2][-]{subsection.5.3}{EXTENSION}{section.5}% 19
\BOOKMARK [3][-]{subsubsection.5.3.1}{Task 1: Clustering Coefficient}{subsection.5.3}% 20
\BOOKMARK [3][-]{subsubsection.5.3.2}{Task 1: Path Length}{subsection.5.3}% 21
\BOOKMARK [3][-]{subsubsection.5.3.3}{Task 2: Which is more robust? \(AD Dataset\)}{subsection.5.3}% 22
\BOOKMARK [3][-]{subsubsection.5.3.4}{Task 2: Which is more robust? \(Random Graphs\)}{subsection.5.3}% 23
\BOOKMARK [3][-]{subsubsection.5.3.5}{Task 3: PageRank \(AD Dataset\)}{subsection.5.3}% 24
\BOOKMARK [3][-]{subsubsection.5.3.6}{Task 3: PageRank \(Random Graphs\)}{subsection.5.3}% 25
\BOOKMARK [3][-]{subsubsection.5.3.7}{Task 4: Cascade}{subsection.5.3}% 26
\BOOKMARK [1][-]{section.6}{Conclusions}{}% 27
\BOOKMARK [2][-]{subsection.6.1}{EXTENSION}{section.6}% 28
\BOOKMARK [3][-]{subsubsection.6.1.1}{Task 2: Which is more robust?}{subsection.6.1}% 29
\BOOKMARK [3][-]{subsubsection.6.1.2}{Task 3: PageRank}{subsection.6.1}% 30
\BOOKMARK [3][-]{subsubsection.6.1.3}{Task 4: Cascade}{subsection.6.1}% 31
\BOOKMARK [1][-]{section*.2}{References}{}% 32
\BOOKMARK [1][-]{section.7}{Styling figs and stuff}{}% 33
\BOOKMARK [2][-]{subsection.7.1}{Figures and Tables}{section.7}% 34
